<?xml version="1.0" encoding="UTF-8"?>
<!-- Generated by org.testng.reporters.JUnitXMLReporter -->
<testsuite ignored="1" hostname="Sangeetha" failures="0" tests="5" name="Test" time="3.557" errors="0" timestamp="2024-02-15T22:41:17 EST">
  <testcase classname="tests.PostScenarios" name="postNewUserCreation" time="2.576"/>
  <testcase classname="tests.GetScenarios" name="getUserById" time="0.259"/>
  <testcase classname="tests.PutScenarios" name="putUserbyId" time="0.238"/>
  <testcase classname="tests.DeleteScenarios" name="deleteUserById" time="0.198"/>
  <testcase classname="tests.DeleteScenarios" name="deleteUserByName" time="0.233"/>
  <testcase classname="tests.GetScenarios" name="getAllUsers" time="0.0">
    <ignored/>
  </testcase> <!-- getAllUsers -->
</testsuite> <!-- Test -->
