<?xml version="1.0" encoding="UTF-8"?>
<testng-results ignored="1" total="6" passed="5" failed="0" skipped="0">
  <reporter-output>
  </reporter-output>
  <suite started-at="2024-02-15T22:41:13 EST" name="Suite" finished-at="2024-02-15T22:41:17 EST" duration-ms="3557">
    <groups>
    </groups>
    <test started-at="2024-02-15T22:41:13 EST" name="Test" finished-at="2024-02-15T22:41:17 EST" duration-ms="3557">
      <class name="tests.DeleteScenarios">
        <test-method signature="deleteUserById()[pri:3, instance:tests.DeleteScenarios@654f0d9c]" started-at="2024-02-15T22:41:17 EST" name="deleteUserById" finished-at="2024-02-15T22:41:17 EST" duration-ms="198" status="PASS">
          <reporter-output>
          </reporter-output>
        </test-method> <!-- deleteUserById -->
        <test-method signature="deleteUserByName()[pri:4, instance:tests.DeleteScenarios@654f0d9c]" started-at="2024-02-15T22:41:17 EST" name="deleteUserByName" finished-at="2024-02-15T22:41:17 EST" duration-ms="233" status="PASS">
          <reporter-output>
          </reporter-output>
        </test-method> <!-- deleteUserByName -->
      </class> <!-- tests.DeleteScenarios -->
      <class name="tests.PostScenarios">
        <test-method signature="postNewUserCreation()[pri:0, instance:tests.PostScenarios@34b7ac2f]" started-at="2024-02-15T22:41:13 EST" name="postNewUserCreation" finished-at="2024-02-15T22:41:16 EST" duration-ms="2576" status="PASS">
          <reporter-output>
          </reporter-output>
        </test-method> <!-- postNewUserCreation -->
      </class> <!-- tests.PostScenarios -->
      <class name="tests.GetScenarios">
        <test-method signature="getUserById()[pri:1, instance:tests.GetScenarios@64cd705f]" started-at="2024-02-15T22:41:16 EST" name="getUserById" finished-at="2024-02-15T22:41:16 EST" duration-ms="259" status="PASS">
          <reporter-output>
          </reporter-output>
        </test-method> <!-- getUserById -->
      </class> <!-- tests.GetScenarios -->
      <class name="tests.PutScenarios">
        <test-method signature="putUserbyId()[pri:2, instance:tests.PutScenarios@9225652]" started-at="2024-02-15T22:41:16 EST" name="putUserbyId" finished-at="2024-02-15T22:41:17 EST" duration-ms="238" status="PASS">
          <reporter-output>
          </reporter-output>
        </test-method> <!-- putUserbyId -->
      </class> <!-- tests.PutScenarios -->
    </test> <!-- Test -->
  </suite> <!-- Suite -->
</testng-results>
